# JRE version: Java(TM) SE Runtime Environment (8.0_51-b16) (build 1.8.0_51-b16)
# Java VM: Java HotSpot(TM) 64-Bit Server VM (25.51-b03 mixed mode windows-amd64 compressed oops)
Heap:
 PSYoungGen      total 1728512K, used 1022603K [0x0000000741580000, 0x00000007c0000000, 0x00000007c0000000)
  eden space 1497600K, 52% used [0x0000000741580000,0x0000000771b21c90,0x000000079cc00000)
  from space 230912K, 99% used [0x000000079cc00000,0x00000007aad01148,0x00000007aad80000)
  to   space 303616K, 0% used [0x00000007ad780000,0x00000007ad780000,0x00000007c0000000)
 ParOldGen       total 1042432K, used 661380K [0x0000000644000000, 0x0000000683a00000, 0x0000000741580000)
  object space 1042432K, 63% used [0x0000000644000000,0x000000066c5e1198,0x0000000683a00000)
 Metaspace       used 127208K, capacity 130707K, committed 131072K, reserved 1157120K
  class space    used 21403K, capacity 22742K, committed 22784K, reserved 1048576K
GC Heap History (10 events):
Event: 83.231 GC heap before
{Heap before GC invocations=32 (full 5):
 PSYoungGen      total 1773568K, used 172536K [0x0000000741580000, 0x00000007c0000000, 0x00000007c0000000)
  eden space 1472000K, 0% used [0x0000000741580000,0x0000000741580000,0x000000079b300000)
  from space 301568K, 57% used [0x000000079b300000,0x00000007a5b7e0a0,0x00000007ad980000)
  to   space 301056K, 0% used [0x00000007ada00000,0x00000007ada00000,0x00000007c0000000)
 ParOldGen       total 648704K, used 595766K [0x0000000644000000, 0x000000066b980000, 0x0000000741580000)
  object space 648704K, 91% used [0x0000000644000000,0x00000006685cdbf0,0x000000066b980000)
 Metaspace       used 106483K, capacity 109043K, committed 109312K, reserved 1140736K
  class space    used 17514K, capacity 18426K, committed 18432K, reserved 1048576K
Event: 85.590 GC heap after
Heap after GC invocations=32 (full 5):
 PSYoungGen      total 1773568K, used 53760K [0x0000000741580000, 0x00000007c0000000, 0x00000007c0000000)
  eden space 1472000K, 0% used [0x0000000741580000,0x0000000741580000,0x000000079b300000)
  from space 301568K, 17% used [0x000000079b300000,0x000000079e7802d8,0x00000007ad980000)
  to   space 301056K, 0% used [0x00000007ada00000,0x00000007ada00000,0x00000007c0000000)
 ParOldGen       total 1042432K, used 648498K [0x0000000644000000, 0x0000000683a00000, 0x0000000741580000)
  object space 1042432K, 62% used [0x0000000644000000,0x000000066b94c878,0x0000000683a00000)
 Metaspace       used 106483K, capacity 109043K, committed 109312K, reserved 1140736K
  class space    used 17514K, capacity 18426K, committed 18432K, reserved 1048576K
}
Event: 87.395 GC heap before
{Heap before GC invocations=33 (full 5):
 PSYoungGen      total 1773568K, used 1525760K [0x0000000741580000, 0x00000007c0000000, 0x00000007c0000000)
  eden space 1472000K, 100% used [0x0000000741580000,0x000000079b300000,0x000000079b300000)
  from space 301568K, 17% used [0x000000079b300000,0x000000079e7802d8,0x00000007ad980000)
  to   space 301056K, 0% used [0x00000007ada00000,0x00000007ada00000,0x00000007c0000000)
 ParOldGen       total 1042432K, used 648498K [0x0000000644000000, 0x0000000683a00000, 0x0000000741580000)
  object space 1042432K, 62% used [0x0000000644000000,0x000000066b94c878,0x0000000683a00000)
 Metaspace       used 107984K, capacity 110573K, committed 110848K, reserved 1140736K
  class space    used 17748K, capacity 18661K, committed 18688K, reserved 1048576K
Event: 87.507 GC heap after
Heap after GC invocations=33 (full 5):
 PSYoungGen      total 1750528K, used 98267K [0x0000000741580000, 0x00000007be980000, 0x00000007c0000000)
  eden space 1472512K, 0% used [0x0000000741580000,0x0000000741580000,0x000000079b380000)
  from space 278016K, 35% used [0x00000007ada00000,0x00000007b39f6d28,0x00000007be980000)
  to   space 289792K, 0% used [0x000000079b380000,0x000000079b380000,0x00000007ace80000)
 ParOldGen       total 1042432K, used 661372K [0x0000000644000000, 0x0000000683a00000, 0x0000000741580000)
  object space 1042432K, 63% used [0x0000000644000000,0x000000066c5df198,0x0000000683a00000)
 Metaspace       used 107984K, capacity 110573K, committed 110848K, reserved 1140736K
  class space    used 17748K, capacity 18661K, committed 18688K, reserved 1048576K
}
Event: 89.472 GC heap before
{Heap before GC invocations=34 (full 5):
 PSYoungGen      total 1750528K, used 1570779K [0x0000000741580000, 0x00000007be980000, 0x00000007c0000000)
  eden space 1472512K, 100% used [0x0000000741580000,0x000000079b380000,0x000000079b380000)
  from space 278016K, 35% used [0x00000007ada00000,0x00000007b39f6d28,0x00000007be980000)
  to   space 289792K, 0% used [0x000000079b380000,0x000000079b380000,0x00000007ace80000)
 ParOldGen       total 1042432K, used 661372K [0x0000000644000000, 0x0000000683a00000, 0x0000000741580000)
  object space 1042432K, 63% used [0x0000000644000000,0x000000066c5df198,0x0000000683a00000)
 Metaspace       used 109953K, capacity 112597K, committed 113024K, reserved 1142784K
  class space    used 18046K, capacity 19015K, committed 19072K, reserved 1048576K
Event: 89.523 GC heap after
Heap after GC invocations=34 (full 5):
 PSYoungGen      total 1762304K, used 126936K [0x0000000741580000, 0x00000007beb80000, 0x00000007c0000000)
  eden space 1472512K, 0% used [0x0000000741580000,0x0000000741580000,0x000000079b380000)
  from space 289792K, 43% used [0x000000079b380000,0x00000007a2f76288,0x00000007ace80000)
  to   space 273408K, 0% used [0x00000007ae080000,0x00000007ae080000,0x00000007beb80000)
 ParOldGen       total 1042432K, used 661372K [0x0000000644000000, 0x0000000683a00000, 0x0000000741580000)
  object space 1042432K, 63% used [0x0000000644000000,0x000000066c5df198,0x0000000683a00000)
 Metaspace       used 109953K, capacity 112597K, committed 113024K, reserved 1142784K
  class space    used 18046K, capacity 19015K, committed 19072K, reserved 1048576K
}
Event: 92.415 GC heap before
{Heap before GC invocations=35 (full 5):
 PSYoungGen      total 1762304K, used 1599448K [0x0000000741580000, 0x00000007beb80000, 0x00000007c0000000)
  eden space 1472512K, 100% used [0x0000000741580000,0x000000079b380000,0x000000079b380000)
  from space 289792K, 43% used [0x000000079b380000,0x00000007a2f76288,0x00000007ace80000)
  to   space 273408K, 0% used [0x00000007ae080000,0x00000007ae080000,0x00000007beb80000)
 ParOldGen       total 1042432K, used 661372K [0x0000000644000000, 0x0000000683a00000, 0x0000000741580000)
  object space 1042432K, 63% used [0x0000000644000000,0x000000066c5df198,0x0000000683a00000)
 Metaspace       used 114250K, capacity 117001K, committed 117376K, reserved 1146880K
  class space    used 18708K, capacity 19721K, committed 19840K, reserved 1048576K
Event: 92.522 GC heap after
Heap after GC invocations=35 (full 5):
 PSYoungGen      total 1771008K, used 192232K [0x0000000741580000, 0x00000007c0000000, 0x00000007c0000000)
  eden space 1497600K, 0% used [0x0000000741580000,0x0000000741580000,0x000000079cc00000)
  from space 273408K, 70% used [0x00000007ae080000,0x00000007b9c3a0d0,0x00000007beb80000)
  to   space 283136K, 0% used [0x000000079cc00000,0x000000079cc00000,0x00000007ae080000)
 ParOldGen       total 1042432K, used 661372K [0x0000000644000000, 0x0000000683a00000, 0x0000000741580000)
  object space 1042432K, 63% used [0x0000000644000000,0x000000066c5df198,0x0000000683a00000)
 Metaspace       used 114250K, capacity 117001K, committed 117376K, reserved 1146880K
  class space    used 18708K, capacity 19721K, committed 19840K, reserved 1048576K
}
Event: 95.952 GC heap before
{Heap before GC invocations=36 (full 5):
 PSYoungGen      total 1771008K, used 1689832K [0x0000000741580000, 0x00000007c0000000, 0x00000007c0000000)
  eden space 1497600K, 100% used [0x0000000741580000,0x000000079cc00000,0x000000079cc00000)
  from space 273408K, 70% used [0x00000007ae080000,0x00000007b9c3a0d0,0x00000007beb80000)
  to   space 283136K, 0% used [0x000000079cc00000,0x000000079cc00000,0x00000007ae080000)
 ParOldGen       total 1042432K, used 661372K [0x0000000644000000, 0x0000000683a00000, 0x0000000741580000)
  object space 1042432K, 63% used [0x0000000644000000,0x000000066c5df198,0x0000000683a00000)
 Metaspace       used 122090K, capacity 125157K, committed 125568K, reserved 1153024K
  class space    used 20424K, capacity 21577K, committed 21632K, reserved 1048576K
Event: 96.045 GC heap after
Heap after GC invocations=36 (full 5):
 PSYoungGen      total 1728512K, used 230404K [0x0000000741580000, 0x00000007c0000000, 0x00000007c0000000)
  eden space 1497600K, 0% used [0x0000000741580000,0x0000000741580000,0x000000079cc00000)
  from space 230912K, 99% used [0x000000079cc00000,0x00000007aad01148,0x00000007aad80000)
  to   space 303616K, 0% used [0x00000007ad780000,0x00000007ad780000,0x00000007c0000000)
 ParOldGen       total 1042432K, used 661380K [0x0000000644000000, 0x0000000683a00000, 0x0000000741580000)
  object space 1042432K, 63% used [0x0000000644000000,0x000000066c5e1198,0x0000000683a00000)
 Metaspace       used 122090K, capacity 125157K, committed 125568K, reserved 1153024K
  class space    used 20424K, capacity 21577K, committed 21632K, reserved 1048576K
}

